#! /usr/bin/vvp
:ivl_version "10.1 (stable)";
:ivl_delay_selection "TYPICAL";
:vpi_time_precision - 12;
:vpi_module "system";
:vpi_module "vhdl_sys";
:vpi_module "v2005_math";
:vpi_module "va_math";
S_0x564b0d2e43c0 .scope module, "top" "top" 2 3;
 .timescale -9 -12;
    .port_info 0 /INPUT 32 "a"
    .port_info 1 /INPUT 32 "b"
    .port_info 2 /INPUT 1 "cin"
    .port_info 3 /OUTPUT 1 "overflow"
    .port_info 4 /OUTPUT 1 "carryout"
    .port_info 5 /OUTPUT 32 "s"
P_0x564b0d2f70a0 .param/l "SIZE" 0 2 5, +C4<00000000000000000000000000100000>;
o0x7f72e2ae3598 .functor BUFZ 1, C4<z>; HiZ drive
L_0x564b0d34d8f0 .functor BUFZ 1, o0x7f72e2ae3598, C4<0>, C4<0>, C4<0>;
L_0x564b0d34dec0 .functor XOR 1, L_0x564b0d34da50, L_0x564b0d34de20, C4<0>, C4<0>;
v0x564b0d335f50_0 .net *"_s229", 0 0, L_0x564b0d34d8f0;  1 drivers
v0x564b0d336050_0 .net *"_s233", 0 0, L_0x564b0d34da50;  1 drivers
v0x564b0d336130_0 .net *"_s235", 0 0, L_0x564b0d34de20;  1 drivers
o0x7f72e2ae34a8 .functor BUFZ 32, C4<zzzzzzzzzzzzzzzzzzzzzzzzzzzzzzzz>; HiZ drive
v0x564b0d3361f0_0 .net "a", 31 0, o0x7f72e2ae34a8;  0 drivers
o0x7f72e2ae34d8 .functor BUFZ 32, C4<zzzzzzzzzzzzzzzzzzzzzzzzzzzzzzzz>; HiZ drive
v0x564b0d3362d0_0 .net "b", 31 0, o0x7f72e2ae34d8;  0 drivers
v0x564b0d3363b0_0 .net "carrout", 0 0, L_0x564b0d34d9b0;  1 drivers
v0x564b0d336470_0 .net "carry", 32 0, L_0x564b0d34cb30;  1 drivers
o0x7f72e2ae3568 .functor BUFZ 1, C4<z>; HiZ drive
v0x564b0d336550_0 .net "carryout", 0 0, o0x7f72e2ae3568;  0 drivers
v0x564b0d336610_0 .net "cin", 0 0, o0x7f72e2ae3598;  0 drivers
v0x564b0d336760_0 .net "overflow", 0 0, L_0x564b0d34dec0;  1 drivers
v0x564b0d336820_0 .net "s", 31 0, L_0x564b0d34c130;  1 drivers
L_0x564b0d336f20 .part o0x7f72e2ae34a8, 0, 1;
L_0x564b0d337050 .part o0x7f72e2ae34d8, 0, 1;
L_0x564b0d337180 .part L_0x564b0d34cb30, 0, 1;
L_0x564b0d337780 .part o0x7f72e2ae34a8, 1, 1;
L_0x564b0d3378e0 .part o0x7f72e2ae34d8, 1, 1;
L_0x564b0d337a10 .part L_0x564b0d34cb30, 1, 1;
L_0x564b0d338050 .part o0x7f72e2ae34a8, 2, 1;
L_0x564b0d338180 .part o0x7f72e2ae34d8, 2, 1;
L_0x564b0d338300 .part L_0x564b0d34cb30, 2, 1;
L_0x564b0d338840 .part o0x7f72e2ae34a8, 3, 1;
L_0x564b0d338a60 .part o0x7f72e2ae34d8, 3, 1;
L_0x564b0d338c20 .part L_0x564b0d34cb30, 3, 1;
L_0x564b0d339120 .part o0x7f72e2ae34a8, 4, 1;
L_0x564b0d339250 .part o0x7f72e2ae34d8, 4, 1;
L_0x564b0d339400 .part L_0x564b0d34cb30, 4, 1;
L_0x564b0d339900 .part o0x7f72e2ae34a8, 5, 1;
L_0x564b0d339ac0 .part o0x7f72e2ae34d8, 5, 1;
L_0x564b0d339bf0 .part L_0x564b0d34cb30, 5, 1;
L_0x564b0d33a200 .part o0x7f72e2ae34a8, 6, 1;
L_0x564b0d33a2a0 .part o0x7f72e2ae34d8, 6, 1;
L_0x564b0d339c90 .part L_0x564b0d34cb30, 6, 1;
L_0x564b0d33a950 .part o0x7f72e2ae34a8, 7, 1;
L_0x564b0d33ac50 .part o0x7f72e2ae34d8, 7, 1;
L_0x564b0d33ae00 .part L_0x564b0d34cb30, 7, 1;
L_0x564b0d33b550 .part o0x7f72e2ae34a8, 8, 1;
L_0x564b0d33b5f0 .part o0x7f72e2ae34d8, 8, 1;
L_0x564b0d33b770 .part L_0x564b0d34cb30, 8, 1;
L_0x564b0d33bce0 .part o0x7f72e2ae34a8, 9, 1;
L_0x564b0d33bf00 .part o0x7f72e2ae34d8, 9, 1;
L_0x564b0d33c030 .part L_0x564b0d34cb30, 9, 1;
L_0x564b0d33c6a0 .part o0x7f72e2ae34a8, 10, 1;
L_0x564b0d33c7d0 .part o0x7f72e2ae34d8, 10, 1;
L_0x564b0d33ca10 .part L_0x564b0d34cb30, 10, 1;
L_0x564b0d33cf80 .part o0x7f72e2ae34a8, 11, 1;
L_0x564b0d33d1d0 .part o0x7f72e2ae34d8, 11, 1;
L_0x564b0d33d300 .part L_0x564b0d34cb30, 11, 1;
L_0x564b0d33d890 .part o0x7f72e2ae34a8, 12, 1;
L_0x564b0d33d9c0 .part o0x7f72e2ae34d8, 12, 1;
L_0x564b0d33dc30 .part L_0x564b0d34cb30, 12, 1;
L_0x564b0d33e1d0 .part o0x7f72e2ae34a8, 13, 1;
L_0x564b0d33e450 .part o0x7f72e2ae34d8, 13, 1;
L_0x564b0d33e580 .part L_0x564b0d34cb30, 13, 1;
L_0x564b0d33ec50 .part o0x7f72e2ae34a8, 14, 1;
L_0x564b0d33ed80 .part o0x7f72e2ae34d8, 14, 1;
L_0x564b0d33f020 .part L_0x564b0d34cb30, 14, 1;
L_0x564b0d33f590 .part o0x7f72e2ae34a8, 15, 1;
L_0x564b0d33f840 .part o0x7f72e2ae34d8, 15, 1;
L_0x564b0d33fb80 .part L_0x564b0d34cb30, 15, 1;
L_0x564b0d340490 .part o0x7f72e2ae34a8, 16, 1;
L_0x564b0d3405c0 .part o0x7f72e2ae34d8, 16, 1;
L_0x564b0d340890 .part L_0x564b0d34cb30, 16, 1;
L_0x564b0d340e00 .part o0x7f72e2ae34a8, 17, 1;
L_0x564b0d3410e0 .part o0x7f72e2ae34d8, 17, 1;
L_0x564b0d341210 .part L_0x564b0d34cb30, 17, 1;
L_0x564b0d341940 .part o0x7f72e2ae34a8, 18, 1;
L_0x564b0d341a70 .part o0x7f72e2ae34d8, 18, 1;
L_0x564b0d341d70 .part L_0x564b0d34cb30, 18, 1;
L_0x564b0d3422e0 .part o0x7f72e2ae34a8, 19, 1;
L_0x564b0d3425f0 .part o0x7f72e2ae34d8, 19, 1;
L_0x564b0d342720 .part L_0x564b0d34cb30, 19, 1;
L_0x564b0d342e80 .part o0x7f72e2ae34a8, 20, 1;
L_0x564b0d342fb0 .part o0x7f72e2ae34d8, 20, 1;
L_0x564b0d3432e0 .part L_0x564b0d34cb30, 20, 1;
L_0x564b0d343850 .part o0x7f72e2ae34a8, 21, 1;
L_0x564b0d343b90 .part o0x7f72e2ae34d8, 21, 1;
L_0x564b0d343cc0 .part L_0x564b0d34cb30, 21, 1;
L_0x564b0d344450 .part o0x7f72e2ae34a8, 22, 1;
L_0x564b0d344580 .part o0x7f72e2ae34d8, 22, 1;
L_0x564b0d3448e0 .part L_0x564b0d34cb30, 22, 1;
L_0x564b0d344e50 .part o0x7f72e2ae34a8, 23, 1;
L_0x564b0d3451c0 .part o0x7f72e2ae34d8, 23, 1;
L_0x564b0d3452f0 .part L_0x564b0d34cb30, 23, 1;
L_0x564b0d345ab0 .part o0x7f72e2ae34a8, 24, 1;
L_0x564b0d345be0 .part o0x7f72e2ae34d8, 24, 1;
L_0x564b0d345f70 .part L_0x564b0d34cb30, 24, 1;
L_0x564b0d3464e0 .part o0x7f72e2ae34a8, 25, 1;
L_0x564b0d346880 .part o0x7f72e2ae34d8, 25, 1;
L_0x564b0d3469b0 .part L_0x564b0d34cb30, 25, 1;
L_0x564b0d3471a0 .part o0x7f72e2ae34a8, 26, 1;
L_0x564b0d3472d0 .part o0x7f72e2ae34d8, 26, 1;
L_0x564b0d347690 .part L_0x564b0d34cb30, 26, 1;
L_0x564b0d347c00 .part o0x7f72e2ae34a8, 27, 1;
L_0x564b0d347fd0 .part o0x7f72e2ae34d8, 27, 1;
L_0x564b0d348100 .part L_0x564b0d34cb30, 27, 1;
L_0x564b0d348920 .part o0x7f72e2ae34a8, 28, 1;
L_0x564b0d348a50 .part o0x7f72e2ae34d8, 28, 1;
L_0x564b0d348e40 .part L_0x564b0d34cb30, 28, 1;
L_0x564b0d3493b0 .part o0x7f72e2ae34a8, 29, 1;
L_0x564b0d3497b0 .part o0x7f72e2ae34d8, 29, 1;
L_0x564b0d3498e0 .part L_0x564b0d34cb30, 29, 1;
L_0x564b0d34a130 .part o0x7f72e2ae34a8, 30, 1;
L_0x564b0d34a260 .part o0x7f72e2ae34d8, 30, 1;
L_0x564b0d34a680 .part L_0x564b0d34cb30, 30, 1;
L_0x564b0d34abf0 .part o0x7f72e2ae34a8, 31, 1;
L_0x564b0d34b430 .part o0x7f72e2ae34d8, 31, 1;
L_0x564b0d34b970 .part L_0x564b0d34cb30, 31, 1;
LS_0x564b0d34c130_0_0 .concat8 [ 1 1 1 1], L_0x564b0d336a40, L_0x564b0d3372f0, L_0x564b0d337bb0, L_0x564b0d338410;
LS_0x564b0d34c130_0_4 .concat8 [ 1 1 1 1], L_0x564b0d338e30, L_0x564b0d3394a0, L_0x564b0d339da0, L_0x564b0d33a4f0;
LS_0x564b0d34c130_0_8 .concat8 [ 1 1 1 1], L_0x564b0d33b0f0, L_0x564b0d33b880, L_0x564b0d33c240, L_0x564b0d33cb20;
LS_0x564b0d34c130_0_12 .concat8 [ 1 1 1 1], L_0x564b0d33d120, L_0x564b0d33dd40, L_0x564b0d33e7f0, L_0x564b0d33f130;
LS_0x564b0d34c130_0_16 .concat8 [ 1 1 1 1], L_0x564b0d340030, L_0x564b0d3409a0, L_0x564b0d3414e0, L_0x564b0d341e80;
LS_0x564b0d34c130_0_20 .concat8 [ 1 1 1 1], L_0x564b0d342a20, L_0x564b0d3433f0, L_0x564b0d343ff0, L_0x564b0d3449f0;
LS_0x564b0d34c130_0_24 .concat8 [ 1 1 1 1], L_0x564b0d345650, L_0x564b0d346080, L_0x564b0d346d40, L_0x564b0d3477a0;
LS_0x564b0d34c130_0_28 .concat8 [ 1 1 1 1], L_0x564b0d3484c0, L_0x564b0d348f50, L_0x564b0d349cd0, L_0x564b0d34a790;
LS_0x564b0d34c130_1_0 .concat8 [ 4 4 4 4], LS_0x564b0d34c130_0_0, LS_0x564b0d34c130_0_4, LS_0x564b0d34c130_0_8, LS_0x564b0d34c130_0_12;
LS_0x564b0d34c130_1_4 .concat8 [ 4 4 4 4], LS_0x564b0d34c130_0_16, LS_0x564b0d34c130_0_20, LS_0x564b0d34c130_0_24, LS_0x564b0d34c130_0_28;
L_0x564b0d34c130 .concat8 [ 16 16 0 0], LS_0x564b0d34c130_1_0, LS_0x564b0d34c130_1_4;
LS_0x564b0d34cb30_0_0 .concat8 [ 1 1 1 1], L_0x564b0d34d8f0, L_0x564b0d336dd0, L_0x564b0d337630, L_0x564b0d337f00;
LS_0x564b0d34cb30_0_4 .concat8 [ 1 1 1 1], L_0x564b0d3386f0, L_0x564b0d339020, L_0x564b0d3397b0, L_0x564b0d33a0b0;
LS_0x564b0d34cb30_0_8 .concat8 [ 1 1 1 1], L_0x564b0d33a800, L_0x564b0d33b400, L_0x564b0d33bb90, L_0x564b0d33c550;
LS_0x564b0d34cb30_0_12 .concat8 [ 1 1 1 1], L_0x564b0d33ce30, L_0x564b0d33d740, L_0x564b0d33e080, L_0x564b0d33eb00;
LS_0x564b0d34cb30_0_16 .concat8 [ 1 1 1 1], L_0x564b0d33f440, L_0x564b0d340340, L_0x564b0d340cb0, L_0x564b0d3417f0;
LS_0x564b0d34cb30_0_20 .concat8 [ 1 1 1 1], L_0x564b0d342190, L_0x564b0d342d30, L_0x564b0d343700, L_0x564b0d344300;
LS_0x564b0d34cb30_0_24 .concat8 [ 1 1 1 1], L_0x564b0d344d00, L_0x564b0d345960, L_0x564b0d346390, L_0x564b0d347050;
LS_0x564b0d34cb30_0_28 .concat8 [ 1 1 1 1], L_0x564b0d347ab0, L_0x564b0d3487d0, L_0x564b0d349260, L_0x564b0d349fe0;
LS_0x564b0d34cb30_0_32 .concat8 [ 1 0 0 0], L_0x564b0d34aaa0;
LS_0x564b0d34cb30_1_0 .concat8 [ 4 4 4 4], LS_0x564b0d34cb30_0_0, LS_0x564b0d34cb30_0_4, LS_0x564b0d34cb30_0_8, LS_0x564b0d34cb30_0_12;
LS_0x564b0d34cb30_1_4 .concat8 [ 4 4 4 4], LS_0x564b0d34cb30_0_16, LS_0x564b0d34cb30_0_20, LS_0x564b0d34cb30_0_24, LS_0x564b0d34cb30_0_28;
LS_0x564b0d34cb30_1_8 .concat8 [ 1 0 0 0], LS_0x564b0d34cb30_0_32;
L_0x564b0d34cb30 .concat8 [ 16 16 1 0], LS_0x564b0d34cb30_1_0, LS_0x564b0d34cb30_1_4, LS_0x564b0d34cb30_1_8;
L_0x564b0d34d9b0 .part L_0x564b0d34cb30, 32, 1;
L_0x564b0d34da50 .part L_0x564b0d34cb30, 32, 1;
L_0x564b0d34de20 .part L_0x564b0d34cb30, 31, 1;
S_0x564b0d2e1980 .scope generate, "genblk1[0]" "genblk1[0]" 2 24, 2 24 0, S_0x564b0d2e43c0;
 .timescale -9 -12;
P_0x564b0d2d9960 .param/l "i" 0 2 24, +C4<00>;
S_0x564b0d2def40 .scope module, "fa" "fulladder" 2 26, 3 2 0, S_0x564b0d2e1980;
 .timescale -9 -12;
    .port_info 0 /INPUT 1 "a"
    .port_info 1 /INPUT 1 "b"
    .port_info 2 /INPUT 1 "cin"
    .port_info 3 /OUTPUT 1 "cout"
    .port_info 4 /OUTPUT 1 "s"
L_0x564b0d2988e0 .functor XOR 1, L_0x564b0d336f20, L_0x564b0d337050, C4<0>, C4<0>;
L_0x564b0d336a40 .functor XOR 1, L_0x564b0d2988e0, L_0x564b0d337180, C4<0>, C4<0>;
L_0x564b0d336ae0 .functor XOR 1, L_0x564b0d336f20, L_0x564b0d337050, C4<0>, C4<0>;
L_0x564b0d336c20 .functor AND 1, L_0x564b0d336ae0, L_0x564b0d337180, C4<1>, C4<1>;
L_0x564b0d336d60 .functor AND 1, L_0x564b0d336f20, L_0x564b0d337050, C4<1>, C4<1>;
L_0x564b0d336dd0 .functor OR 1, L_0x564b0d336c20, L_0x564b0d336d60, C4<0>, C4<0>;
v0x564b0d2c7940_0 .net *"_s0", 0 0, L_0x564b0d2988e0;  1 drivers
v0x564b0d2c4f00_0 .net *"_s4", 0 0, L_0x564b0d336ae0;  1 drivers
v0x564b0d2c2490_0 .net *"_s6", 0 0, L_0x564b0d336c20;  1 drivers
v0x564b0d31b3f0_0 .net *"_s8", 0 0, L_0x564b0d336d60;  1 drivers
v0x564b0d31b4d0_0 .net "a", 0 0, L_0x564b0d336f20;  1 drivers
v0x564b0d31b590_0 .net "b", 0 0, L_0x564b0d337050;  1 drivers
v0x564b0d31b650_0 .net "cin", 0 0, L_0x564b0d337180;  1 drivers
v0x564b0d31b710_0 .net "cout", 0 0, L_0x564b0d336dd0;  1 drivers
v0x564b0d31b7d0_0 .net "s", 0 0, L_0x564b0d336a40;  1 drivers
S_0x564b0d31b930 .scope generate, "genblk1[1]" "genblk1[1]" 2 24, 2 24 0, S_0x564b0d2e43c0;
 .timescale -9 -12;
P_0x564b0d2dc3a0 .param/l "i" 0 2 24, +C4<01>;
S_0x564b0d31bb60 .scope module, "fa" "fulladder" 2 26, 3 2 0, S_0x564b0d31b930;
 .timescale -9 -12;
    .port_info 0 /INPUT 1 "a"
    .port_info 1 /INPUT 1 "b"
    .port_info 2 /INPUT 1 "cin"
    .port_info 3 /OUTPUT 1 "cout"
    .port_info 4 /OUTPUT 1 "s"
L_0x564b0d337220 .functor XOR 1, L_0x564b0d337780, L_0x564b0d3378e0, C4<0>, C4<0>;
L_0x564b0d3372f0 .functor XOR 1, L_0x564b0d337220, L_0x564b0d337a10, C4<0>, C4<0>;
L_0x564b0d337390 .functor XOR 1, L_0x564b0d337780, L_0x564b0d3378e0, C4<0>, C4<0>;
L_0x564b0d337480 .functor AND 1, L_0x564b0d337390, L_0x564b0d337a10, C4<1>, C4<1>;
L_0x564b0d3375c0 .functor AND 1, L_0x564b0d337780, L_0x564b0d3378e0, C4<1>, C4<1>;
L_0x564b0d337630 .functor OR 1, L_0x564b0d337480, L_0x564b0d3375c0, C4<0>, C4<0>;
v0x564b0d31bce0_0 .net *"_s0", 0 0, L_0x564b0d337220;  1 drivers
v0x564b0d31bde0_0 .net *"_s4", 0 0, L_0x564b0d337390;  1 drivers
v0x564b0d31bec0_0 .net *"_s6", 0 0, L_0x564b0d337480;  1 drivers
v0x564b0d31bf80_0 .net *"_s8", 0 0, L_0x564b0d3375c0;  1 drivers
v0x564b0d31c060_0 .net "a", 0 0, L_0x564b0d337780;  1 drivers
v0x564b0d31c120_0 .net "b", 0 0, L_0x564b0d3378e0;  1 drivers
v0x564b0d31c1e0_0 .net "cin", 0 0, L_0x564b0d337a10;  1 drivers
v0x564b0d31c2a0_0 .net "cout", 0 0, L_0x564b0d337630;  1 drivers
v0x564b0d31c360_0 .net "s", 0 0, L_0x564b0d3372f0;  1 drivers
S_0x564b0d31c4c0 .scope generate, "genblk1[2]" "genblk1[2]" 2 24, 2 24 0, S_0x564b0d2e43c0;
 .timescale -9 -12;
P_0x564b0d2e4260 .param/l "i" 0 2 24, +C4<010>;
S_0x564b0d31c6d0 .scope module, "fa" "fulladder" 2 26, 3 2 0, S_0x564b0d31c4c0;
 .timescale -9 -12;
    .port_info 0 /INPUT 1 "a"
    .port_info 1 /INPUT 1 "b"
    .port_info 2 /INPUT 1 "cin"
    .port_info 3 /OUTPUT 1 "cout"
    .port_info 4 /OUTPUT 1 "s"
L_0x564b0d337b40 .functor XOR 1, L_0x564b0d338050, L_0x564b0d338180, C4<0>, C4<0>;
L_0x564b0d337bb0 .functor XOR 1, L_0x564b0d337b40, L_0x564b0d338300, C4<0>, C4<0>;
L_0x564b0d337c70 .functor XOR 1, L_0x564b0d338050, L_0x564b0d338180, C4<0>, C4<0>;
L_0x564b0d337d80 .functor AND 1, L_0x564b0d337c70, L_0x564b0d338300, C4<1>, C4<1>;
L_0x564b0d337e90 .functor AND 1, L_0x564b0d338050, L_0x564b0d338180, C4<1>, C4<1>;
L_0x564b0d337f00 .functor OR 1, L_0x564b0d337d80, L_0x564b0d337e90, C4<0>, C4<0>;
v0x564b0d31c850_0 .net *"_s0", 0 0, L_0x564b0d337b40;  1 drivers
v0x564b0d31c950_0 .net *"_s4", 0 0, L_0x564b0d337c70;  1 drivers
v0x564b0d31ca30_0 .net *"_s6", 0 0, L_0x564b0d337d80;  1 drivers
v0x564b0d31cb20_0 .net *"_s8", 0 0, L_0x564b0d337e90;  1 drivers
v0x564b0d31cc00_0 .net "a", 0 0, L_0x564b0d338050;  1 drivers
v0x564b0d31cd10_0 .net "b", 0 0, L_0x564b0d338180;  1 drivers
v0x564b0d31cdd0_0 .net "cin", 0 0, L_0x564b0d338300;  1 drivers
v0x564b0d31ce90_0 .net "cout", 0 0, L_0x564b0d337f00;  1 drivers
v0x564b0d31cf50_0 .net "s", 0 0, L_0x564b0d337bb0;  1 drivers
S_0x564b0d31d140 .scope generate, "genblk1[3]" "genblk1[3]" 2 24, 2 24 0, S_0x564b0d2e43c0;
 .timescale -9 -12;
P_0x564b0d31d2e0 .param/l "i" 0 2 24, +C4<011>;
S_0x564b0d31d3c0 .scope module, "fa" "fulladder" 2 26, 3 2 0, S_0x564b0d31d140;
 .timescale -9 -12;
    .port_info 0 /INPUT 1 "a"
    .port_info 1 /INPUT 1 "b"
    .port_info 2 /INPUT 1 "cin"
    .port_info 3 /OUTPUT 1 "cout"
    .port_info 4 /OUTPUT 1 "s"
L_0x564b0d3383a0 .functor XOR 1, L_0x564b0d338840, L_0x564b0d338a60, C4<0>, C4<0>;
L_0x564b0d338410 .functor XOR 1, L_0x564b0d3383a0, L_0x564b0d338c20, C4<0>, C4<0>;
L_0x564b0d338480 .functor XOR 1, L_0x564b0d338840, L_0x564b0d338a60, C4<0>, C4<0>;
L_0x564b0d338540 .functor AND 1, L_0x564b0d338480, L_0x564b0d338c20, C4<1>, C4<1>;
L_0x564b0d338680 .functor AND 1, L_0x564b0d338840, L_0x564b0d338a60, C4<1>, C4<1>;
L_0x564b0d3386f0 .functor OR 1, L_0x564b0d338540, L_0x564b0d338680, C4<0>, C4<0>;
v0x564b0d31d590_0 .net *"_s0", 0 0, L_0x564b0d3383a0;  1 drivers
v0x564b0d31d690_0 .net *"_s4", 0 0, L_0x564b0d338480;  1 drivers
v0x564b0d31d770_0 .net *"_s6", 0 0, L_0x564b0d338540;  1 drivers
v0x564b0d31d860_0 .net *"_s8", 0 0, L_0x564b0d338680;  1 drivers
v0x564b0d31d940_0 .net "a", 0 0, L_0x564b0d338840;  1 drivers
v0x564b0d31da50_0 .net "b", 0 0, L_0x564b0d338a60;  1 drivers
v0x564b0d31db10_0 .net "cin", 0 0, L_0x564b0d338c20;  1 drivers
v0x564b0d31dbd0_0 .net "cout", 0 0, L_0x564b0d3386f0;  1 drivers
v0x564b0d31dc90_0 .net "s", 0 0, L_0x564b0d338410;  1 drivers
S_0x564b0d31de80 .scope generate, "genblk1[4]" "genblk1[4]" 2 24, 2 24 0, S_0x564b0d2e43c0;
 .timescale -9 -12;
P_0x564b0d31e070 .param/l "i" 0 2 24, +C4<0100>;
S_0x564b0d31e150 .scope module, "fa" "fulladder" 2 26, 3 2 0, S_0x564b0d31de80;
 .timescale -9 -12;
    .port_info 0 /INPUT 1 "a"
    .port_info 1 /INPUT 1 "b"
    .port_info 2 /INPUT 1 "cin"
    .port_info 3 /OUTPUT 1 "cout"
    .port_info 4 /OUTPUT 1 "s"
L_0x564b0d338dc0 .functor XOR 1, L_0x564b0d339120, L_0x564b0d339250, C4<0>, C4<0>;
L_0x564b0d338e30 .functor XOR 1, L_0x564b0d338dc0, L_0x564b0d339400, C4<0>, C4<0>;
L_0x564b0d338ea0 .functor XOR 1, L_0x564b0d339120, L_0x564b0d339250, C4<0>, C4<0>;
L_0x564b0d338f10 .functor AND 1, L_0x564b0d338ea0, L_0x564b0d339400, C4<1>, C4<1>;
L_0x564b0d338fb0 .functor AND 1, L_0x564b0d339120, L_0x564b0d339250, C4<1>, C4<1>;
L_0x564b0d339020 .functor OR 1, L_0x564b0d338f10, L_0x564b0d338fb0, C4<0>, C4<0>;
v0x564b0d31e3a0_0 .net *"_s0", 0 0, L_0x564b0d338dc0;  1 drivers
v0x564b0d31e4a0_0 .net *"_s4", 0 0, L_0x564b0d338ea0;  1 drivers
v0x564b0d31e580_0 .net *"_s6", 0 0, L_0x564b0d338f10;  1 drivers
v0x564b0d31e640_0 .net *"_s8", 0 0, L_0x564b0d338fb0;  1 drivers
v0x564b0d31e720_0 .net "a", 0 0, L_0x564b0d339120;  1 drivers
v0x564b0d31e830_0 .net "b", 0 0, L_0x564b0d339250;  1 drivers
v0x564b0d31e8f0_0 .net "cin", 0 0, L_0x564b0d339400;  1 drivers
v0x564b0d31e9b0_0 .net "cout", 0 0, L_0x564b0d339020;  1 drivers
v0x564b0d31ea70_0 .net "s", 0 0, L_0x564b0d338e30;  1 drivers
S_0x564b0d31ec60 .scope generate, "genblk1[5]" "genblk1[5]" 2 24, 2 24 0, S_0x564b0d2e43c0;
 .timescale -9 -12;
P_0x564b0d31ee00 .param/l "i" 0 2 24, +C4<0101>;
S_0x564b0d31eee0 .scope module, "fa" "fulladder" 2 26, 3 2 0, S_0x564b0d31ec60;
 .timescale -9 -12;
    .port_info 0 /INPUT 1 "a"
    .port_info 1 /INPUT 1 "b"
    .port_info 2 /INPUT 1 "cin"
    .port_info 3 /OUTPUT 1 "cout"
    .port_info 4 /OUTPUT 1 "s"
L_0x564b0d338d50 .functor XOR 1, L_0x564b0d339900, L_0x564b0d339ac0, C4<0>, C4<0>;
L_0x564b0d3394a0 .functor XOR 1, L_0x564b0d338d50, L_0x564b0d339bf0, C4<0>, C4<0>;
L_0x564b0d339510 .functor XOR 1, L_0x564b0d339900, L_0x564b0d339ac0, C4<0>, C4<0>;
L_0x564b0d339600 .functor AND 1, L_0x564b0d339510, L_0x564b0d339bf0, C4<1>, C4<1>;
L_0x564b0d339740 .functor AND 1, L_0x564b0d339900, L_0x564b0d339ac0, C4<1>, C4<1>;
L_0x564b0d3397b0 .functor OR 1, L_0x564b0d339600, L_0x564b0d339740, C4<0>, C4<0>;
v0x564b0d31f130_0 .net *"_s0", 0 0, L_0x564b0d338d50;  1 drivers
v0x564b0d31f230_0 .net *"_s4", 0 0, L_0x564b0d339510;  1 drivers
v0x564b0d31f310_0 .net *"_s6", 0 0, L_0x564b0d339600;  1 drivers
v0x564b0d31f400_0 .net *"_s8", 0 0, L_0x564b0d339740;  1 drivers
v0x564b0d31f4e0_0 .net "a", 0 0, L_0x564b0d339900;  1 drivers
v0x564b0d31f5f0_0 .net "b", 0 0, L_0x564b0d339ac0;  1 drivers
v0x564b0d31f6b0_0 .net "cin", 0 0, L_0x564b0d339bf0;  1 drivers
v0x564b0d31f770_0 .net "cout", 0 0, L_0x564b0d3397b0;  1 drivers
v0x564b0d31f830_0 .net "s", 0 0, L_0x564b0d3394a0;  1 drivers
S_0x564b0d31fa20 .scope generate, "genblk1[6]" "genblk1[6]" 2 24, 2 24 0, S_0x564b0d2e43c0;
 .timescale -9 -12;
P_0x564b0d31fbc0 .param/l "i" 0 2 24, +C4<0110>;
S_0x564b0d31fca0 .scope module, "fa" "fulladder" 2 26, 3 2 0, S_0x564b0d31fa20;
 .timescale -9 -12;
    .port_info 0 /INPUT 1 "a"
    .port_info 1 /INPUT 1 "b"
    .port_info 2 /INPUT 1 "cin"
    .port_info 3 /OUTPUT 1 "cout"
    .port_info 4 /OUTPUT 1 "s"
L_0x564b0d339d30 .functor XOR 1, L_0x564b0d33a200, L_0x564b0d33a2a0, C4<0>, C4<0>;
L_0x564b0d339da0 .functor XOR 1, L_0x564b0d339d30, L_0x564b0d339c90, C4<0>, C4<0>;
L_0x564b0d339e10 .functor XOR 1, L_0x564b0d33a200, L_0x564b0d33a2a0, C4<0>, C4<0>;
L_0x564b0d339f00 .functor AND 1, L_0x564b0d339e10, L_0x564b0d339c90, C4<1>, C4<1>;
L_0x564b0d33a040 .functor AND 1, L_0x564b0d33a200, L_0x564b0d33a2a0, C4<1>, C4<1>;
L_0x564b0d33a0b0 .functor OR 1, L_0x564b0d339f00, L_0x564b0d33a040, C4<0>, C4<0>;
v0x564b0d31fef0_0 .net *"_s0", 0 0, L_0x564b0d339d30;  1 drivers
v0x564b0d31fff0_0 .net *"_s4", 0 0, L_0x564b0d339e10;  1 drivers
v0x564b0d3200d0_0 .net *"_s6", 0 0, L_0x564b0d339f00;  1 drivers
v0x564b0d3201c0_0 .net *"_s8", 0 0, L_0x564b0d33a040;  1 drivers
v0x564b0d3202a0_0 .net "a", 0 0, L_0x564b0d33a200;  1 drivers
v0x564b0d3203b0_0 .net "b", 0 0, L_0x564b0d33a2a0;  1 drivers
v0x564b0d320470_0 .net "cin", 0 0, L_0x564b0d339c90;  1 drivers
v0x564b0d320530_0 .net "cout", 0 0, L_0x564b0d33a0b0;  1 drivers
v0x564b0d3205f0_0 .net "s", 0 0, L_0x564b0d339da0;  1 drivers
S_0x564b0d3207e0 .scope generate, "genblk1[7]" "genblk1[7]" 2 24, 2 24 0, S_0x564b0d2e43c0;
 .timescale -9 -12;
P_0x564b0d320980 .param/l "i" 0 2 24, +C4<0111>;
S_0x564b0d320a60 .scope module, "fa" "fulladder" 2 26, 3 2 0, S_0x564b0d3207e0;
 .timescale -9 -12;
    .port_info 0 /INPUT 1 "a"
    .port_info 1 /INPUT 1 "b"
    .port_info 2 /INPUT 1 "cin"
    .port_info 3 /OUTPUT 1 "cout"
    .port_info 4 /OUTPUT 1 "s"
L_0x564b0d33a480 .functor XOR 1, L_0x564b0d33a950, L_0x564b0d33ac50, C4<0>, C4<0>;
L_0x564b0d33a4f0 .functor XOR 1, L_0x564b0d33a480, L_0x564b0d33ae00, C4<0>, C4<0>;
L_0x564b0d33a560 .functor XOR 1, L_0x564b0d33a950, L_0x564b0d33ac50, C4<0>, C4<0>;
L_0x564b0d33a650 .functor AND 1, L_0x564b0d33a560, L_0x564b0d33ae00, C4<1>, C4<1>;
L_0x564b0d33a790 .functor AND 1, L_0x564b0d33a950, L_0x564b0d33ac50, C4<1>, C4<1>;
L_0x564b0d33a800 .functor OR 1, L_0x564b0d33a650, L_0x564b0d33a790, C4<0>, C4<0>;
v0x564b0d320cb0_0 .net *"_s0", 0 0, L_0x564b0d33a480;  1 drivers
v0x564b0d320db0_0 .net *"_s4", 0 0, L_0x564b0d33a560;  1 drivers
v0x564b0d320e90_0 .net *"_s6", 0 0, L_0x564b0d33a650;  1 drivers
v0x564b0d320f80_0 .net *"_s8", 0 0, L_0x564b0d33a790;  1 drivers
v0x564b0d321060_0 .net "a", 0 0, L_0x564b0d33a950;  1 drivers
v0x564b0d321170_0 .net "b", 0 0, L_0x564b0d33ac50;  1 drivers
v0x564b0d321230_0 .net "cin", 0 0, L_0x564b0d33ae00;  1 drivers
v0x564b0d3212f0_0 .net "cout", 0 0, L_0x564b0d33a800;  1 drivers
v0x564b0d3213b0_0 .net "s", 0 0, L_0x564b0d33a4f0;  1 drivers
S_0x564b0d3215a0 .scope generate, "genblk1[8]" "genblk1[8]" 2 24, 2 24 0, S_0x564b0d2e43c0;
 .timescale -9 -12;
P_0x564b0d31e020 .param/l "i" 0 2 24, +C4<01000>;
S_0x564b0d321860 .scope module, "fa" "fulladder" 2 26, 3 2 0, S_0x564b0d3215a0;
 .timescale -9 -12;
    .port_info 0 /INPUT 1 "a"
    .port_info 1 /INPUT 1 "b"
    .port_info 2 /INPUT 1 "cin"
    .port_info 3 /OUTPUT 1 "cout"
    .port_info 4 /OUTPUT 1 "s"
L_0x564b0d33b080 .functor XOR 1, L_0x564b0d33b550, L_0x564b0d33b5f0, C4<0>, C4<0>;
L_0x564b0d33b0f0 .functor XOR 1, L_0x564b0d33b080, L_0x564b0d33b770, C4<0>, C4<0>;
L_0x564b0d33b160 .functor XOR 1, L_0x564b0d33b550, L_0x564b0d33b5f0, C4<0>, C4<0>;
L_0x564b0d33b250 .functor AND 1, L_0x564b0d33b160, L_0x564b0d33b770, C4<1>, C4<1>;
L_0x564b0d33b390 .functor AND 1, L_0x564b0d33b550, L_0x564b0d33b5f0, C4<1>, C4<1>;
L_0x564b0d33b400 .functor OR 1, L_0x564b0d33b250, L_0x564b0d33b390, C4<0>, C4<0>;
v0x564b0d321ab0_0 .net *"_s0", 0 0, L_0x564b0d33b080;  1 drivers
v0x564b0d321bb0_0 .net *"_s4", 0 0, L_0x564b0d33b160;  1 drivers
v0x564b0d321c90_0 .net *"_s6", 0 0, L_0x564b0d33b250;  1 drivers
v0x564b0d321d80_0 .net *"_s8", 0 0, L_0x564b0d33b390;  1 drivers
v0x564b0d321e60_0 .net "a", 0 0, L_0x564b0d33b550;  1 drivers
v0x564b0d321f70_0 .net "b", 0 0, L_0x564b0d33b5f0;  1 drivers
v0x564b0d322030_0 .net "cin", 0 0, L_0x564b0d33b770;  1 drivers
v0x564b0d3220f0_0 .net "cout", 0 0, L_0x564b0d33b400;  1 drivers
v0x564b0d3221b0_0 .net "s", 0 0, L_0x564b0d33b0f0;  1 drivers
S_0x564b0d3223a0 .scope generate, "genblk1[9]" "genblk1[9]" 2 24, 2 24 0, S_0x564b0d2e43c0;
 .timescale -9 -12;
P_0x564b0d322540 .param/l "i" 0 2 24, +C4<01001>;
S_0x564b0d322620 .scope module, "fa" "fulladder" 2 26, 3 2 0, S_0x564b0d3223a0;
 .timescale -9 -12;
    .port_info 0 /INPUT 1 "a"
    .port_info 1 /INPUT 1 "b"
    .port_info 2 /INPUT 1 "cin"
    .port_info 3 /OUTPUT 1 "cout"
    .port_info 4 /OUTPUT 1 "s"
L_0x564b0d33b810 .functor XOR 1, L_0x564b0d33bce0, L_0x564b0d33bf00, C4<0>, C4<0>;
L_0x564b0d33b880 .functor XOR 1, L_0x564b0d33b810, L_0x564b0d33c030, C4<0>, C4<0>;
L_0x564b0d33b8f0 .functor XOR 1, L_0x564b0d33bce0, L_0x564b0d33bf00, C4<0>, C4<0>;
L_0x564b0d33b9e0 .functor AND 1, L_0x564b0d33b8f0, L_0x564b0d33c030, C4<1>, C4<1>;
L_0x564b0d33bb20 .functor AND 1, L_0x564b0d33bce0, L_0x564b0d33bf00, C4<1>, C4<1>;
L_0x564b0d33bb90 .functor OR 1, L_0x564b0d33b9e0, L_0x564b0d33bb20, C4<0>, C4<0>;
v0x564b0d322870_0 .net *"_s0", 0 0, L_0x564b0d33b810;  1 drivers
v0x564b0d322970_0 .net *"_s4", 0 0, L_0x564b0d33b8f0;  1 drivers
v0x564b0d322a50_0 .net *"_s6", 0 0, L_0x564b0d33b9e0;  1 drivers
v0x564b0d322b40_0 .net *"_s8", 0 0, L_0x564b0d33bb20;  1 drivers
v0x564b0d322c20_0 .net "a", 0 0, L_0x564b0d33bce0;  1 drivers
v0x564b0d322d30_0 .net "b", 0 0, L_0x564b0d33bf00;  1 drivers
v0x564b0d322df0_0 .net "cin", 0 0, L_0x564b0d33c030;  1 drivers
v0x564b0d322eb0_0 .net "cout", 0 0, L_0x564b0d33bb90;  1 drivers
v0x564b0d322f70_0 .net "s", 0 0, L_0x564b0d33b880;  1 drivers
S_0x564b0d323160 .scope generate, "genblk1[10]" "genblk1[10]" 2 24, 2 24 0, S_0x564b0d2e43c0;
 .timescale -9 -12;
P_0x564b0d323300 .param/l "i" 0 2 24, +C4<01010>;
S_0x564b0d3233e0 .scope module, "fa" "fulladder" 2 26, 3 2 0, S_0x564b0d323160;
 .timescale -9 -12;
    .port_info 0 /INPUT 1 "a"
    .port_info 1 /INPUT 1 "b"
    .port_info 2 /INPUT 1 "cin"
    .port_info 3 /OUTPUT 1 "cout"
    .port_info 4 /OUTPUT 1 "s"
L_0x564b0d33c1d0 .functor XOR 1, L_0x564b0d33c6a0, L_0x564b0d33c7d0, C4<0>, C4<0>;
L_0x564b0d33c240 .functor XOR 1, L_0x564b0d33c1d0, L_0x564b0d33ca10, C4<0>, C4<0>;
L_0x564b0d33c2b0 .functor XOR 1, L_0x564b0d33c6a0, L_0x564b0d33c7d0, C4<0>, C4<0>;
L_0x564b0d33c3a0 .functor AND 1, L_0x564b0d33c2b0, L_0x564b0d33ca10, C4<1>, C4<1>;
L_0x564b0d33c4e0 .functor AND 1, L_0x564b0d33c6a0, L_0x564b0d33c7d0, C4<1>, C4<1>;
L_0x564b0d33c550 .functor OR 1, L_0x564b0d33c3a0, L_0x564b0d33c4e0, C4<0>, C4<0>;
v0x564b0d323630_0 .net *"_s0", 0 0, L_0x564b0d33c1d0;  1 drivers
v0x564b0d323730_0 .net *"_s4", 0 0, L_0x564b0d33c2b0;  1 drivers
v0x564b0d323810_0 .net *"_s6", 0 0, L_0x564b0d33c3a0;  1 drivers
v0x564b0d323900_0 .net *"_s8", 0 0, L_0x564b0d33c4e0;  1 drivers
v0x564b0d3239e0_0 .net "a", 0 0, L_0x564b0d33c6a0;  1 drivers
v0x564b0d323af0_0 .net "b", 0 0, L_0x564b0d33c7d0;  1 drivers
v0x564b0d323bb0_0 .net "cin", 0 0, L_0x564b0d33ca10;  1 drivers
v0x564b0d323c70_0 .net "cout", 0 0, L_0x564b0d33c550;  1 drivers
v0x564b0d323d30_0 .net "s", 0 0, L_0x564b0d33c240;  1 drivers
S_0x564b0d323f20 .scope generate, "genblk1[11]" "genblk1[11]" 2 24, 2 24 0, S_0x564b0d2e43c0;
 .timescale -9 -12;
P_0x564b0d3240c0 .param/l "i" 0 2 24, +C4<01011>;
S_0x564b0d3241a0 .scope module, "fa" "fulladder" 2 26, 3 2 0, S_0x564b0d323f20;
 .timescale -9 -12;
    .port_info 0 /INPUT 1 "a"
    .port_info 1 /INPUT 1 "b"
    .port_info 2 /INPUT 1 "cin"
    .port_info 3 /OUTPUT 1 "cout"
    .port_info 4 /OUTPUT 1 "s"
L_0x564b0d33cab0 .functor XOR 1, L_0x564b0d33cf80, L_0x564b0d33d1d0, C4<0>, C4<0>;
L_0x564b0d33cb20 .functor XOR 1, L_0x564b0d33cab0, L_0x564b0d33d300, C4<0>, C4<0>;
L_0x564b0d33cb90 .functor XOR 1, L_0x564b0d33cf80, L_0x564b0d33d1d0, C4<0>, C4<0>;
L_0x564b0d33cc80 .functor AND 1, L_0x564b0d33cb90, L_0x564b0d33d300, C4<1>, C4<1>;
L_0x564b0d33cdc0 .functor AND 1, L_0x564b0d33cf80, L_0x564b0d33d1d0, C4<1>, C4<1>;
L_0x564b0d33ce30 .functor OR 1, L_0x564b0d33cc80, L_0x564b0d33cdc0, C4<0>, C4<0>;
v0x564b0d3243f0_0 .net *"_s0", 0 0, L_0x564b0d33cab0;  1 drivers
v0x564b0d3244f0_0 .net *"_s4", 0 0, L_0x564b0d33cb90;  1 drivers
v0x564b0d3245d0_0 .net *"_s6", 0 0, L_0x564b0d33cc80;  1 drivers
v0x564b0d3246c0_0 .net *"_s8", 0 0, L_0x564b0d33cdc0;  1 drivers
v0x564b0d3247a0_0 .net "a", 0 0, L_0x564b0d33cf80;  1 drivers
v0x564b0d3248b0_0 .net "b", 0 0, L_0x564b0d33d1d0;  1 drivers
v0x564b0d324970_0 .net "cin", 0 0, L_0x564b0d33d300;  1 drivers
v0x564b0d324a30_0 .net "cout", 0 0, L_0x564b0d33ce30;  1 drivers
v0x564b0d324af0_0 .net "s", 0 0, L_0x564b0d33cb20;  1 drivers
S_0x564b0d324ce0 .scope generate, "genblk1[12]" "genblk1[12]" 2 24, 2 24 0, S_0x564b0d2e43c0;
 .timescale -9 -12;
P_0x564b0d324e80 .param/l "i" 0 2 24, +C4<01100>;
S_0x564b0d324f60 .scope module, "fa" "fulladder" 2 26, 3 2 0, S_0x564b0d324ce0;
 .timescale -9 -12;
    .port_info 0 /INPUT 1 "a"
    .port_info 1 /INPUT 1 "b"
    .port_info 2 /INPUT 1 "cin"
    .port_info 3 /OUTPUT 1 "cout"
    .port_info 4 /OUTPUT 1 "s"
L_0x564b0d33d0b0 .functor XOR 1, L_0x564b0d33d890, L_0x564b0d33d9c0, C4<0>, C4<0>;
L_0x564b0d33d120 .functor XOR 1, L_0x564b0d33d0b0, L_0x564b0d33dc30, C4<0>, C4<0>;
L_0x564b0d33d4d0 .functor XOR 1, L_0x564b0d33d890, L_0x564b0d33d9c0, C4<0>, C4<0>;
L_0x564b0d33d590 .functor AND 1, L_0x564b0d33d4d0, L_0x564b0d33dc30, C4<1>, C4<1>;
L_0x564b0d33d6d0 .functor AND 1, L_0x564b0d33d890, L_0x564b0d33d9c0, C4<1>, C4<1>;
L_0x564b0d33d740 .functor OR 1, L_0x564b0d33d590, L_0x564b0d33d6d0, C4<0>, C4<0>;
v0x564b0d3251b0_0 .net *"_s0", 0 0, L_0x564b0d33d0b0;  1 drivers
v0x564b0d3252b0_0 .net *"_s4", 0 0, L_0x564b0d33d4d0;  1 drivers
v0x564b0d325390_0 .net *"_s6", 0 0, L_0x564b0d33d590;  1 drivers
v0x564b0d325480_0 .net *"_s8", 0 0, L_0x564b0d33d6d0;  1 drivers
v0x564b0d325560_0 .net "a", 0 0, L_0x564b0d33d890;  1 drivers
v0x564b0d325670_0 .net "b", 0 0, L_0x564b0d33d9c0;  1 drivers
v0x564b0d325730_0 .net "cin", 0 0, L_0x564b0d33dc30;  1 drivers
v0x564b0d3257f0_0 .net "cout", 0 0, L_0x564b0d33d740;  1 drivers
v0x564b0d3258b0_0 .net "s", 0 0, L_0x564b0d33d120;  1 drivers
S_0x564b0d325aa0 .scope generate, "genblk1[13]" "genblk1[13]" 2 24, 2 24 0, S_0x564b0d2e43c0;
 .timescale -9 -12;
P_0x564b0d325c40 .param/l "i" 0 2 24, +C4<01101>;
S_0x564b0d325d20 .scope module, "fa" "fulladder" 2 26, 3 2 0, S_0x564b0d325aa0;
 .timescale -9 -12;
    .port_info 0 /INPUT 1 "a"
    .port_info 1 /INPUT 1 "b"
    .port_info 2 /INPUT 1 "cin"
    .port_info 3 /OUTPUT 1 "cout"
    .port_info 4 /OUTPUT 1 "s"
L_0x564b0d33dcd0 .functor XOR 1, L_0x564b0d33e1d0, L_0x564b0d33e450, C4<0>, C4<0>;
L_0x564b0d33dd40 .functor XOR 1, L_0x564b0d33dcd0, L_0x564b0d33e580, C4<0>, C4<0>;
L_0x564b0d33dde0 .functor XOR 1, L_0x564b0d33e1d0, L_0x564b0d33e450, C4<0>, C4<0>;
L_0x564b0d33ded0 .functor AND 1, L_0x564b0d33dde0, L_0x564b0d33e580, C4<1>, C4<1>;
L_0x564b0d33e010 .functor AND 1, L_0x564b0d33e1d0, L_0x564b0d33e450, C4<1>, C4<1>;
L_0x564b0d33e080 .functor OR 1, L_0x564b0d33ded0, L_0x564b0d33e010, C4<0>, C4<0>;
v0x564b0d325f70_0 .net *"_s0", 0 0, L_0x564b0d33dcd0;  1 drivers
v0x564b0d326070_0 .net *"_s4", 0 0, L_0x564b0d33dde0;  1 drivers
v0x564b0d326150_0 .net *"_s6", 0 0, L_0x564b0d33ded0;  1 drivers
v0x564b0d326240_0 .net *"_s8", 0 0, L_0x564b0d33e010;  1 drivers
v0x564b0d326320_0 .net "a", 0 0, L_0x564b0d33e1d0;  1 drivers
v0x564b0d326430_0 .net "b", 0 0, L_0x564b0d33e450;  1 drivers
v0x564b0d3264f0_0 .net "cin", 0 0, L_0x564b0d33e580;  1 drivers
v0x564b0d3265b0_0 .net "cout", 0 0, L_0x564b0d33e080;  1 drivers
v0x564b0d326670_0 .net "s", 0 0, L_0x564b0d33dd40;  1 drivers
S_0x564b0d326860 .scope generate, "genblk1[14]" "genblk1[14]" 2 24, 2 24 0, S_0x564b0d2e43c0;
 .timescale -9 -12;
P_0x564b0d326a00 .param/l "i" 0 2 24, +C4<01110>;
S_0x564b0d326ae0 .scope module, "fa" "fulladder" 2 26, 3 2 0, S_0x564b0d326860;
 .timescale -9 -12;
    .port_info 0 /INPUT 1 "a"
    .port_info 1 /INPUT 1 "b"
    .port_info 2 /INPUT 1 "cin"
    .port_info 3 /OUTPUT 1 "cout"
    .port_info 4 /OUTPUT 1 "s"
L_0x564b0d33e780 .functor XOR 1, L_0x564b0d33ec50, L_0x564b0d33ed80, C4<0>, C4<0>;
L_0x564b0d33e7f0 .functor XOR 1, L_0x564b0d33e780, L_0x564b0d33f020, C4<0>, C4<0>;
L_0x564b0d33e860 .functor XOR 1, L_0x564b0d33ec50, L_0x564b0d33ed80, C4<0>, C4<0>;
L_0x564b0d33e950 .functor AND 1, L_0x564b0d33e860, L_0x564b0d33f020, C4<1>, C4<1>;
L_0x564b0d33ea90 .functor AND 1, L_0x564b0d33ec50, L_0x564b0d33ed80, C4<1>, C4<1>;
L_0x564b0d33eb00 .functor OR 1, L_0x564b0d33e950, L_0x564b0d33ea90, C4<0>, C4<0>;
v0x564b0d326d30_0 .net *"_s0", 0 0, L_0x564b0d33e780;  1 drivers
v0x564b0d326e30_0 .net *"_s4", 0 0, L_0x564b0d33e860;  1 drivers
v0x564b0d326f10_0 .net *"_s6", 0 0, L_0x564b0d33e950;  1 drivers
v0x564b0d327000_0 .net *"_s8", 0 0, L_0x564b0d33ea90;  1 drivers
v0x564b0d3270e0_0 .net "a", 0 0, L_0x564b0d33ec50;  1 drivers
v0x564b0d3271f0_0 .net "b", 0 0, L_0x564b0d33ed80;  1 drivers
v0x564b0d3272b0_0 .net "cin", 0 0, L_0x564b0d33f020;  1 drivers
v0x564b0d327370_0 .net "cout", 0 0, L_0x564b0d33eb00;  1 drivers
v0x564b0d327430_0 .net "s", 0 0, L_0x564b0d33e7f0;  1 drivers
S_0x564b0d327620 .scope generate, "genblk1[15]" "genblk1[15]" 2 24, 2 24 0, S_0x564b0d2e43c0;
 .timescale -9 -12;
P_0x564b0d3277c0 .param/l "i" 0 2 24, +C4<01111>;
S_0x564b0d3278a0 .scope module, "fa" "fulladder" 2 26, 3 2 0, S_0x564b0d327620;
 .timescale -9 -12;
    .port_info 0 /INPUT 1 "a"
    .port_info 1 /INPUT 1 "b"
    .port_info 2 /INPUT 1 "cin"
    .port_info 3 /OUTPUT 1 "cout"
    .port_info 4 /OUTPUT 1 "s"
L_0x564b0d33f0c0 .functor XOR 1, L_0x564b0d33f590, L_0x564b0d33f840, C4<0>, C4<0>;
L_0x564b0d33f130 .functor XOR 1, L_0x564b0d33f0c0, L_0x564b0d33fb80, C4<0>, C4<0>;
L_0x564b0d33f1a0 .functor XOR 1, L_0x564b0d33f590, L_0x564b0d33f840, C4<0>, C4<0>;
L_0x564b0d33f290 .functor AND 1, L_0x564b0d33f1a0, L_0x564b0d33fb80, C4<1>, C4<1>;
L_0x564b0d33f3d0 .functor AND 1, L_0x564b0d33f590, L_0x564b0d33f840, C4<1>, C4<1>;
L_0x564b0d33f440 .functor OR 1, L_0x564b0d33f290, L_0x564b0d33f3d0, C4<0>, C4<0>;
v0x564b0d327af0_0 .net *"_s0", 0 0, L_0x564b0d33f0c0;  1 drivers
v0x564b0d327bf0_0 .net *"_s4", 0 0, L_0x564b0d33f1a0;  1 drivers
v0x564b0d327cd0_0 .net *"_s6", 0 0, L_0x564b0d33f290;  1 drivers
v0x564b0d327dc0_0 .net *"_s8", 0 0, L_0x564b0d33f3d0;  1 drivers
v0x564b0d327ea0_0 .net "a", 0 0, L_0x564b0d33f590;  1 drivers
v0x564b0d327fb0_0 .net "b", 0 0, L_0x564b0d33f840;  1 drivers
v0x564b0d328070_0 .net "cin", 0 0, L_0x564b0d33fb80;  1 drivers
v0x564b0d328130_0 .net "cout", 0 0, L_0x564b0d33f440;  1 drivers
v0x564b0d3281f0_0 .net "s", 0 0, L_0x564b0d33f130;  1 drivers
S_0x564b0d3283e0 .scope generate, "genblk1[16]" "genblk1[16]" 2 24, 2 24 0, S_0x564b0d2e43c0;
 .timescale -9 -12;
P_0x564b0d328580 .param/l "i" 0 2 24, +C4<010000>;
S_0x564b0d328660 .scope module, "fa" "fulladder" 2 26, 3 2 0, S_0x564b0d3283e0;
 .timescale -9 -12;
    .port_info 0 /INPUT 1 "a"
    .port_info 1 /INPUT 1 "b"
    .port_info 2 /INPUT 1 "cin"
    .port_info 3 /OUTPUT 1 "cout"
    .port_info 4 /OUTPUT 1 "s"
L_0x564b0d33ffc0 .functor XOR 1, L_0x564b0d340490, L_0x564b0d3405c0, C4<0>, C4<0>;
L_0x564b0d340030 .functor XOR 1, L_0x564b0d33ffc0, L_0x564b0d340890, C4<0>, C4<0>;
L_0x564b0d3400a0 .functor XOR 1, L_0x564b0d340490, L_0x564b0d3405c0, C4<0>, C4<0>;
L_0x564b0d340190 .functor AND 1, L_0x564b0d3400a0, L_0x564b0d340890, C4<1>, C4<1>;
L_0x564b0d3402d0 .functor AND 1, L_0x564b0d340490, L_0x564b0d3405c0, C4<1>, C4<1>;
L_0x564b0d340340 .functor OR 1, L_0x564b0d340190, L_0x564b0d3402d0, C4<0>, C4<0>;
v0x564b0d3288b0_0 .net *"_s0", 0 0, L_0x564b0d33ffc0;  1 drivers
v0x564b0d3289b0_0 .net *"_s4", 0 0, L_0x564b0d3400a0;  1 drivers
v0x564b0d328a90_0 .net *"_s6", 0 0, L_0x564b0d340190;  1 drivers
v0x564b0d328b80_0 .net *"_s8", 0 0, L_0x564b0d3402d0;  1 drivers
v0x564b0d328c60_0 .net "a", 0 0, L_0x564b0d340490;  1 drivers
v0x564b0d328d70_0 .net "b", 0 0, L_0x564b0d3405c0;  1 drivers
v0x564b0d328e30_0 .net "cin", 0 0, L_0x564b0d340890;  1 drivers
v0x564b0d328ef0_0 .net "cout", 0 0, L_0x564b0d340340;  1 drivers
v0x564b0d328fb0_0 .net "s", 0 0, L_0x564b0d340030;  1 drivers
S_0x564b0d329110 .scope generate, "genblk1[17]" "genblk1[17]" 2 24, 2 24 0, S_0x564b0d2e43c0;
 .timescale -9 -12;
P_0x564b0d3292b0 .param/l "i" 0 2 24, +C4<010001>;
S_0x564b0d329390 .scope module, "fa" "fulladder" 2 26, 3 2 0, S_0x564b0d329110;
 .timescale -9 -12;
    .port_info 0 /INPUT 1 "a"
    .port_info 1 /INPUT 1 "b"
    .port_info 2 /INPUT 1 "cin"
    .port_info 3 /OUTPUT 1 "cout"
    .port_info 4 /OUTPUT 1 "s"
L_0x564b0d340930 .functor XOR 1, L_0x564b0d340e00, L_0x564b0d3410e0, C4<0>, C4<0>;
L_0x564b0d3409a0 .functor XOR 1, L_0x564b0d340930, L_0x564b0d341210, C4<0>, C4<0>;
L_0x564b0d340a10 .functor XOR 1, L_0x564b0d340e00, L_0x564b0d3410e0, C4<0>, C4<0>;
L_0x564b0d340b00 .functor AND 1, L_0x564b0d340a10, L_0x564b0d341210, C4<1>, C4<1>;
L_0x564b0d340c40 .functor AND 1, L_0x564b0d340e00, L_0x564b0d3410e0, C4<1>, C4<1>;
L_0x564b0d340cb0 .functor OR 1, L_0x564b0d340b00, L_0x564b0d340c40, C4<0>, C4<0>;
v0x564b0d3295e0_0 .net *"_s0", 0 0, L_0x564b0d340930;  1 drivers
v0x564b0d3296e0_0 .net *"_s4", 0 0, L_0x564b0d340a10;  1 drivers
v0x564b0d3297c0_0 .net *"_s6", 0 0, L_0x564b0d340b00;  1 drivers
v0x564b0d3298b0_0 .net *"_s8", 0 0, L_0x564b0d340c40;  1 drivers
v0x564b0d329990_0 .net "a", 0 0, L_0x564b0d340e00;  1 drivers
v0x564b0d329aa0_0 .net "b", 0 0, L_0x564b0d3410e0;  1 drivers
v0x564b0d329b60_0 .net "cin", 0 0, L_0x564b0d341210;  1 drivers
v0x564b0d329c20_0 .net "cout", 0 0, L_0x564b0d340cb0;  1 drivers
v0x564b0d329ce0_0 .net "s", 0 0, L_0x564b0d3409a0;  1 drivers
S_0x564b0d329ed0 .scope generate, "genblk1[18]" "genblk1[18]" 2 24, 2 24 0, S_0x564b0d2e43c0;
 .timescale -9 -12;
P_0x564b0d32a070 .param/l "i" 0 2 24, +C4<010010>;
S_0x564b0d32a150 .scope module, "fa" "fulladder" 2 26, 3 2 0, S_0x564b0d329ed0;
 .timescale -9 -12;
    .port_info 0 /INPUT 1 "a"
    .port_info 1 /INPUT 1 "b"
    .port_info 2 /INPUT 1 "cin"
    .port_info 3 /OUTPUT 1 "cout"
    .port_info 4 /OUTPUT 1 "s"
L_0x564b0d341470 .functor XOR 1, L_0x564b0d341940, L_0x564b0d341a70, C4<0>, C4<0>;
L_0x564b0d3414e0 .functor XOR 1, L_0x564b0d341470, L_0x564b0d341d70, C4<0>, C4<0>;
L_0x564b0d341550 .functor XOR 1, L_0x564b0d341940, L_0x564b0d341a70, C4<0>, C4<0>;
L_0x564b0d341640 .functor AND 1, L_0x564b0d341550, L_0x564b0d341d70, C4<1>, C4<1>;
L_0x564b0d341780 .functor AND 1, L_0x564b0d341940, L_0x564b0d341a70, C4<1>, C4<1>;
L_0x564b0d3417f0 .functor OR 1, L_0x564b0d341640, L_0x564b0d341780, C4<0>, C4<0>;
v0x564b0d32a3a0_0 .net *"_s0", 0 0, L_0x564b0d341470;  1 drivers
v0x564b0d32a4a0_0 .net *"_s4", 0 0, L_0x564b0d341550;  1 drivers
v0x564b0d32a580_0 .net *"_s6", 0 0, L_0x564b0d341640;  1 drivers
v0x564b0d32a670_0 .net *"_s8", 0 0, L_0x564b0d341780;  1 drivers
v0x564b0d32a750_0 .net "a", 0 0, L_0x564b0d341940;  1 drivers
v0x564b0d32a860_0 .net "b", 0 0, L_0x564b0d341a70;  1 drivers
v0x564b0d32a920_0 .net "cin", 0 0, L_0x564b0d341d70;  1 drivers
v0x564b0d32a9e0_0 .net "cout", 0 0, L_0x564b0d3417f0;  1 drivers
v0x564b0d32aaa0_0 .net "s", 0 0, L_0x564b0d3414e0;  1 drivers
S_0x564b0d32ac90 .scope generate, "genblk1[19]" "genblk1[19]" 2 24, 2 24 0, S_0x564b0d2e43c0;
 .timescale -9 -12;
P_0x564b0d32ae30 .param/l "i" 0 2 24, +C4<010011>;
S_0x564b0d32af10 .scope module, "fa" "fulladder" 2 26, 3 2 0, S_0x564b0d32ac90;
 .timescale -9 -12;
    .port_info 0 /INPUT 1 "a"
    .port_info 1 /INPUT 1 "b"
    .port_info 2 /INPUT 1 "cin"
    .port_info 3 /OUTPUT 1 "cout"
    .port_info 4 /OUTPUT 1 "s"
L_0x564b0d341e10 .functor XOR 1, L_0x564b0d3422e0, L_0x564b0d3425f0, C4<0>, C4<0>;
L_0x564b0d341e80 .functor XOR 1, L_0x564b0d341e10, L_0x564b0d342720, C4<0>, C4<0>;
L_0x564b0d341ef0 .functor XOR 1, L_0x564b0d3422e0, L_0x564b0d3425f0, C4<0>, C4<0>;
L_0x564b0d341fe0 .functor AND 1, L_0x564b0d341ef0, L_0x564b0d342720, C4<1>, C4<1>;
L_0x564b0d342120 .functor AND 1, L_0x564b0d3422e0, L_0x564b0d3425f0, C4<1>, C4<1>;
L_0x564b0d342190 .functor OR 1, L_0x564b0d341fe0, L_0x564b0d342120, C4<0>, C4<0>;
v0x564b0d32b160_0 .net *"_s0", 0 0, L_0x564b0d341e10;  1 drivers
v0x564b0d32b260_0 .net *"_s4", 0 0, L_0x564b0d341ef0;  1 drivers
v0x564b0d32b340_0 .net *"_s6", 0 0, L_0x564b0d341fe0;  1 drivers
v0x564b0d32b430_0 .net *"_s8", 0 0, L_0x564b0d342120;  1 drivers
v0x564b0d32b510_0 .net "a", 0 0, L_0x564b0d3422e0;  1 drivers
v0x564b0d32b620_0 .net "b", 0 0, L_0x564b0d3425f0;  1 drivers
v0x564b0d32b6e0_0 .net "cin", 0 0, L_0x564b0d342720;  1 drivers
v0x564b0d32b7a0_0 .net "cout", 0 0, L_0x564b0d342190;  1 drivers
v0x564b0d32b860_0 .net "s", 0 0, L_0x564b0d341e80;  1 drivers
S_0x564b0d32ba50 .scope generate, "genblk1[20]" "genblk1[20]" 2 24, 2 24 0, S_0x564b0d2e43c0;
 .timescale -9 -12;
P_0x564b0d32bbf0 .param/l "i" 0 2 24, +C4<010100>;
S_0x564b0d32bcd0 .scope module, "fa" "fulladder" 2 26, 3 2 0, S_0x564b0d32ba50;
 .timescale -9 -12;
    .port_info 0 /INPUT 1 "a"
    .port_info 1 /INPUT 1 "b"
    .port_info 2 /INPUT 1 "cin"
    .port_info 3 /OUTPUT 1 "cout"
    .port_info 4 /OUTPUT 1 "s"
L_0x564b0d3429b0 .functor XOR 1, L_0x564b0d342e80, L_0x564b0d342fb0, C4<0>, C4<0>;
L_0x564b0d342a20 .functor XOR 1, L_0x564b0d3429b0, L_0x564b0d3432e0, C4<0>, C4<0>;
L_0x564b0d342a90 .functor XOR 1, L_0x564b0d342e80, L_0x564b0d342fb0, C4<0>, C4<0>;
L_0x564b0d342b80 .functor AND 1, L_0x564b0d342a90, L_0x564b0d3432e0, C4<1>, C4<1>;
L_0x564b0d342cc0 .functor AND 1, L_0x564b0d342e80, L_0x564b0d342fb0, C4<1>, C4<1>;
L_0x564b0d342d30 .functor OR 1, L_0x564b0d342b80, L_0x564b0d342cc0, C4<0>, C4<0>;
v0x564b0d32bf20_0 .net *"_s0", 0 0, L_0x564b0d3429b0;  1 drivers
v0x564b0d32c020_0 .net *"_s4", 0 0, L_0x564b0d342a90;  1 drivers
v0x564b0d32c100_0 .net *"_s6", 0 0, L_0x564b0d342b80;  1 drivers
v0x564b0d32c1f0_0 .net *"_s8", 0 0, L_0x564b0d342cc0;  1 drivers
v0x564b0d32c2d0_0 .net "a", 0 0, L_0x564b0d342e80;  1 drivers
v0x564b0d32c3e0_0 .net "b", 0 0, L_0x564b0d342fb0;  1 drivers
v0x564b0d32c4a0_0 .net "cin", 0 0, L_0x564b0d3432e0;  1 drivers
v0x564b0d32c560_0 .net "cout", 0 0, L_0x564b0d342d30;  1 drivers
v0x564b0d32c620_0 .net "s", 0 0, L_0x564b0d342a20;  1 drivers
S_0x564b0d32c810 .scope generate, "genblk1[21]" "genblk1[21]" 2 24, 2 24 0, S_0x564b0d2e43c0;
 .timescale -9 -12;
P_0x564b0d32c9b0 .param/l "i" 0 2 24, +C4<010101>;
S_0x564b0d32ca90 .scope module, "fa" "fulladder" 2 26, 3 2 0, S_0x564b0d32c810;
 .timescale -9 -12;
    .port_info 0 /INPUT 1 "a"
    .port_info 1 /INPUT 1 "b"
    .port_info 2 /INPUT 1 "cin"
    .port_info 3 /OUTPUT 1 "cout"
    .port_info 4 /OUTPUT 1 "s"
L_0x564b0d343380 .functor XOR 1, L_0x564b0d343850, L_0x564b0d343b90, C4<0>, C4<0>;
L_0x564b0d3433f0 .functor XOR 1, L_0x564b0d343380, L_0x564b0d343cc0, C4<0>, C4<0>;
L_0x564b0d343460 .functor XOR 1, L_0x564b0d343850, L_0x564b0d343b90, C4<0>, C4<0>;
L_0x564b0d343550 .functor AND 1, L_0x564b0d343460, L_0x564b0d343cc0, C4<1>, C4<1>;
L_0x564b0d343690 .functor AND 1, L_0x564b0d343850, L_0x564b0d343b90, C4<1>, C4<1>;
L_0x564b0d343700 .functor OR 1, L_0x564b0d343550, L_0x564b0d343690, C4<0>, C4<0>;
v0x564b0d32cce0_0 .net *"_s0", 0 0, L_0x564b0d343380;  1 drivers
v0x564b0d32cde0_0 .net *"_s4", 0 0, L_0x564b0d343460;  1 drivers
v0x564b0d32cec0_0 .net *"_s6", 0 0, L_0x564b0d343550;  1 drivers
v0x564b0d32cfb0_0 .net *"_s8", 0 0, L_0x564b0d343690;  1 drivers
v0x564b0d32d090_0 .net "a", 0 0, L_0x564b0d343850;  1 drivers
v0x564b0d32d1a0_0 .net "b", 0 0, L_0x564b0d343b90;  1 drivers
v0x564b0d32d260_0 .net "cin", 0 0, L_0x564b0d343cc0;  1 drivers
v0x564b0d32d320_0 .net "cout", 0 0, L_0x564b0d343700;  1 drivers
v0x564b0d32d3e0_0 .net "s", 0 0, L_0x564b0d3433f0;  1 drivers
S_0x564b0d32d5d0 .scope generate, "genblk1[22]" "genblk1[22]" 2 24, 2 24 0, S_0x564b0d2e43c0;
 .timescale -9 -12;
P_0x564b0d32d770 .param/l "i" 0 2 24, +C4<010110>;
S_0x564b0d32d850 .scope module, "fa" "fulladder" 2 26, 3 2 0, S_0x564b0d32d5d0;
 .timescale -9 -12;
    .port_info 0 /INPUT 1 "a"
    .port_info 1 /INPUT 1 "b"
    .port_info 2 /INPUT 1 "cin"
    .port_info 3 /OUTPUT 1 "cout"
    .port_info 4 /OUTPUT 1 "s"
L_0x564b0d343f80 .functor XOR 1, L_0x564b0d344450, L_0x564b0d344580, C4<0>, C4<0>;
L_0x564b0d343ff0 .functor XOR 1, L_0x564b0d343f80, L_0x564b0d3448e0, C4<0>, C4<0>;
L_0x564b0d344060 .functor XOR 1, L_0x564b0d344450, L_0x564b0d344580, C4<0>, C4<0>;
L_0x564b0d344150 .functor AND 1, L_0x564b0d344060, L_0x564b0d3448e0, C4<1>, C4<1>;
L_0x564b0d344290 .functor AND 1, L_0x564b0d344450, L_0x564b0d344580, C4<1>, C4<1>;
L_0x564b0d344300 .functor OR 1, L_0x564b0d344150, L_0x564b0d344290, C4<0>, C4<0>;
v0x564b0d32daa0_0 .net *"_s0", 0 0, L_0x564b0d343f80;  1 drivers
v0x564b0d32dba0_0 .net *"_s4", 0 0, L_0x564b0d344060;  1 drivers
v0x564b0d32dc80_0 .net *"_s6", 0 0, L_0x564b0d344150;  1 drivers
v0x564b0d32dd70_0 .net *"_s8", 0 0, L_0x564b0d344290;  1 drivers
v0x564b0d32de50_0 .net "a", 0 0, L_0x564b0d344450;  1 drivers
v0x564b0d32df60_0 .net "b", 0 0, L_0x564b0d344580;  1 drivers
v0x564b0d32e020_0 .net "cin", 0 0, L_0x564b0d3448e0;  1 drivers
v0x564b0d32e0e0_0 .net "cout", 0 0, L_0x564b0d344300;  1 drivers
v0x564b0d32e1a0_0 .net "s", 0 0, L_0x564b0d343ff0;  1 drivers
S_0x564b0d32e390 .scope generate, "genblk1[23]" "genblk1[23]" 2 24, 2 24 0, S_0x564b0d2e43c0;
 .timescale -9 -12;
P_0x564b0d32e530 .param/l "i" 0 2 24, +C4<010111>;
S_0x564b0d32e610 .scope module, "fa" "fulladder" 2 26, 3 2 0, S_0x564b0d32e390;
 .timescale -9 -12;
    .port_info 0 /INPUT 1 "a"
    .port_info 1 /INPUT 1 "b"
    .port_info 2 /INPUT 1 "cin"
    .port_info 3 /OUTPUT 1 "cout"
    .port_info 4 /OUTPUT 1 "s"
L_0x564b0d344980 .functor XOR 1, L_0x564b0d344e50, L_0x564b0d3451c0, C4<0>, C4<0>;
L_0x564b0d3449f0 .functor XOR 1, L_0x564b0d344980, L_0x564b0d3452f0, C4<0>, C4<0>;
L_0x564b0d344a60 .functor XOR 1, L_0x564b0d344e50, L_0x564b0d3451c0, C4<0>, C4<0>;
L_0x564b0d344b50 .functor AND 1, L_0x564b0d344a60, L_0x564b0d3452f0, C4<1>, C4<1>;
L_0x564b0d344c90 .functor AND 1, L_0x564b0d344e50, L_0x564b0d3451c0, C4<1>, C4<1>;
L_0x564b0d344d00 .functor OR 1, L_0x564b0d344b50, L_0x564b0d344c90, C4<0>, C4<0>;
v0x564b0d32e860_0 .net *"_s0", 0 0, L_0x564b0d344980;  1 drivers
v0x564b0d32e960_0 .net *"_s4", 0 0, L_0x564b0d344a60;  1 drivers
v0x564b0d32ea40_0 .net *"_s6", 0 0, L_0x564b0d344b50;  1 drivers
v0x564b0d32eb30_0 .net *"_s8", 0 0, L_0x564b0d344c90;  1 drivers
v0x564b0d32ec10_0 .net "a", 0 0, L_0x564b0d344e50;  1 drivers
v0x564b0d32ed20_0 .net "b", 0 0, L_0x564b0d3451c0;  1 drivers
v0x564b0d32ede0_0 .net "cin", 0 0, L_0x564b0d3452f0;  1 drivers
v0x564b0d32eea0_0 .net "cout", 0 0, L_0x564b0d344d00;  1 drivers
v0x564b0d32ef60_0 .net "s", 0 0, L_0x564b0d3449f0;  1 drivers
S_0x564b0d32f150 .scope generate, "genblk1[24]" "genblk1[24]" 2 24, 2 24 0, S_0x564b0d2e43c0;
 .timescale -9 -12;
P_0x564b0d32f2f0 .param/l "i" 0 2 24, +C4<011000>;
S_0x564b0d32f3d0 .scope module, "fa" "fulladder" 2 26, 3 2 0, S_0x564b0d32f150;
 .timescale -9 -12;
    .port_info 0 /INPUT 1 "a"
    .port_info 1 /INPUT 1 "b"
    .port_info 2 /INPUT 1 "cin"
    .port_info 3 /OUTPUT 1 "cout"
    .port_info 4 /OUTPUT 1 "s"
L_0x564b0d3455e0 .functor XOR 1, L_0x564b0d345ab0, L_0x564b0d345be0, C4<0>, C4<0>;
L_0x564b0d345650 .functor XOR 1, L_0x564b0d3455e0, L_0x564b0d345f70, C4<0>, C4<0>;
L_0x564b0d3456c0 .functor XOR 1, L_0x564b0d345ab0, L_0x564b0d345be0, C4<0>, C4<0>;
L_0x564b0d3457b0 .functor AND 1, L_0x564b0d3456c0, L_0x564b0d345f70, C4<1>, C4<1>;
L_0x564b0d3458f0 .functor AND 1, L_0x564b0d345ab0, L_0x564b0d345be0, C4<1>, C4<1>;
L_0x564b0d345960 .functor OR 1, L_0x564b0d3457b0, L_0x564b0d3458f0, C4<0>, C4<0>;
v0x564b0d32f620_0 .net *"_s0", 0 0, L_0x564b0d3455e0;  1 drivers
v0x564b0d32f720_0 .net *"_s4", 0 0, L_0x564b0d3456c0;  1 drivers
v0x564b0d32f800_0 .net *"_s6", 0 0, L_0x564b0d3457b0;  1 drivers
v0x564b0d32f8f0_0 .net *"_s8", 0 0, L_0x564b0d3458f0;  1 drivers
v0x564b0d32f9d0_0 .net "a", 0 0, L_0x564b0d345ab0;  1 drivers
v0x564b0d32fae0_0 .net "b", 0 0, L_0x564b0d345be0;  1 drivers
v0x564b0d32fba0_0 .net "cin", 0 0, L_0x564b0d345f70;  1 drivers
v0x564b0d32fc60_0 .net "cout", 0 0, L_0x564b0d345960;  1 drivers
v0x564b0d32fd20_0 .net "s", 0 0, L_0x564b0d345650;  1 drivers
S_0x564b0d32ff10 .scope generate, "genblk1[25]" "genblk1[25]" 2 24, 2 24 0, S_0x564b0d2e43c0;
 .timescale -9 -12;
P_0x564b0d3300b0 .param/l "i" 0 2 24, +C4<011001>;
S_0x564b0d330190 .scope module, "fa" "fulladder" 2 26, 3 2 0, S_0x564b0d32ff10;
 .timescale -9 -12;
    .port_info 0 /INPUT 1 "a"
    .port_info 1 /INPUT 1 "b"
    .port_info 2 /INPUT 1 "cin"
    .port_info 3 /OUTPUT 1 "cout"
    .port_info 4 /OUTPUT 1 "s"
L_0x564b0d346010 .functor XOR 1, L_0x564b0d3464e0, L_0x564b0d346880, C4<0>, C4<0>;
L_0x564b0d346080 .functor XOR 1, L_0x564b0d346010, L_0x564b0d3469b0, C4<0>, C4<0>;
L_0x564b0d3460f0 .functor XOR 1, L_0x564b0d3464e0, L_0x564b0d346880, C4<0>, C4<0>;
L_0x564b0d3461e0 .functor AND 1, L_0x564b0d3460f0, L_0x564b0d3469b0, C4<1>, C4<1>;
L_0x564b0d346320 .functor AND 1, L_0x564b0d3464e0, L_0x564b0d346880, C4<1>, C4<1>;
L_0x564b0d346390 .functor OR 1, L_0x564b0d3461e0, L_0x564b0d346320, C4<0>, C4<0>;
v0x564b0d3303e0_0 .net *"_s0", 0 0, L_0x564b0d346010;  1 drivers
v0x564b0d3304e0_0 .net *"_s4", 0 0, L_0x564b0d3460f0;  1 drivers
v0x564b0d3305c0_0 .net *"_s6", 0 0, L_0x564b0d3461e0;  1 drivers
v0x564b0d3306b0_0 .net *"_s8", 0 0, L_0x564b0d346320;  1 drivers
v0x564b0d330790_0 .net "a", 0 0, L_0x564b0d3464e0;  1 drivers
v0x564b0d3308a0_0 .net "b", 0 0, L_0x564b0d346880;  1 drivers
v0x564b0d330960_0 .net "cin", 0 0, L_0x564b0d3469b0;  1 drivers
v0x564b0d330a20_0 .net "cout", 0 0, L_0x564b0d346390;  1 drivers
v0x564b0d330ae0_0 .net "s", 0 0, L_0x564b0d346080;  1 drivers
S_0x564b0d330cd0 .scope generate, "genblk1[26]" "genblk1[26]" 2 24, 2 24 0, S_0x564b0d2e43c0;
 .timescale -9 -12;
P_0x564b0d330e70 .param/l "i" 0 2 24, +C4<011010>;
S_0x564b0d330f50 .scope module, "fa" "fulladder" 2 26, 3 2 0, S_0x564b0d330cd0;
 .timescale -9 -12;
    .port_info 0 /INPUT 1 "a"
    .port_info 1 /INPUT 1 "b"
    .port_info 2 /INPUT 1 "cin"
    .port_info 3 /OUTPUT 1 "cout"
    .port_info 4 /OUTPUT 1 "s"
L_0x564b0d346cd0 .functor XOR 1, L_0x564b0d3471a0, L_0x564b0d3472d0, C4<0>, C4<0>;
L_0x564b0d346d40 .functor XOR 1, L_0x564b0d346cd0, L_0x564b0d347690, C4<0>, C4<0>;
L_0x564b0d346db0 .functor XOR 1, L_0x564b0d3471a0, L_0x564b0d3472d0, C4<0>, C4<0>;
L_0x564b0d346ea0 .functor AND 1, L_0x564b0d346db0, L_0x564b0d347690, C4<1>, C4<1>;
L_0x564b0d346fe0 .functor AND 1, L_0x564b0d3471a0, L_0x564b0d3472d0, C4<1>, C4<1>;
L_0x564b0d347050 .functor OR 1, L_0x564b0d346ea0, L_0x564b0d346fe0, C4<0>, C4<0>;
v0x564b0d3311a0_0 .net *"_s0", 0 0, L_0x564b0d346cd0;  1 drivers
v0x564b0d3312a0_0 .net *"_s4", 0 0, L_0x564b0d346db0;  1 drivers
v0x564b0d331380_0 .net *"_s6", 0 0, L_0x564b0d346ea0;  1 drivers
v0x564b0d331470_0 .net *"_s8", 0 0, L_0x564b0d346fe0;  1 drivers
v0x564b0d331550_0 .net "a", 0 0, L_0x564b0d3471a0;  1 drivers
v0x564b0d331660_0 .net "b", 0 0, L_0x564b0d3472d0;  1 drivers
v0x564b0d331720_0 .net "cin", 0 0, L_0x564b0d347690;  1 drivers
v0x564b0d3317e0_0 .net "cout", 0 0, L_0x564b0d347050;  1 drivers
v0x564b0d3318a0_0 .net "s", 0 0, L_0x564b0d346d40;  1 drivers
S_0x564b0d331a90 .scope generate, "genblk1[27]" "genblk1[27]" 2 24, 2 24 0, S_0x564b0d2e43c0;
 .timescale -9 -12;
P_0x564b0d331c30 .param/l "i" 0 2 24, +C4<011011>;
S_0x564b0d331d10 .scope module, "fa" "fulladder" 2 26, 3 2 0, S_0x564b0d331a90;
 .timescale -9 -12;
    .port_info 0 /INPUT 1 "a"
    .port_info 1 /INPUT 1 "b"
    .port_info 2 /INPUT 1 "cin"
    .port_info 3 /OUTPUT 1 "cout"
    .port_info 4 /OUTPUT 1 "s"
L_0x564b0d347730 .functor XOR 1, L_0x564b0d347c00, L_0x564b0d347fd0, C4<0>, C4<0>;
L_0x564b0d3477a0 .functor XOR 1, L_0x564b0d347730, L_0x564b0d348100, C4<0>, C4<0>;
L_0x564b0d347810 .functor XOR 1, L_0x564b0d347c00, L_0x564b0d347fd0, C4<0>, C4<0>;
L_0x564b0d347900 .functor AND 1, L_0x564b0d347810, L_0x564b0d348100, C4<1>, C4<1>;
L_0x564b0d347a40 .functor AND 1, L_0x564b0d347c00, L_0x564b0d347fd0, C4<1>, C4<1>;
L_0x564b0d347ab0 .functor OR 1, L_0x564b0d347900, L_0x564b0d347a40, C4<0>, C4<0>;
v0x564b0d331f60_0 .net *"_s0", 0 0, L_0x564b0d347730;  1 drivers
v0x564b0d332060_0 .net *"_s4", 0 0, L_0x564b0d347810;  1 drivers
v0x564b0d332140_0 .net *"_s6", 0 0, L_0x564b0d347900;  1 drivers
v0x564b0d332230_0 .net *"_s8", 0 0, L_0x564b0d347a40;  1 drivers
v0x564b0d332310_0 .net "a", 0 0, L_0x564b0d347c00;  1 drivers
v0x564b0d332420_0 .net "b", 0 0, L_0x564b0d347fd0;  1 drivers
v0x564b0d3324e0_0 .net "cin", 0 0, L_0x564b0d348100;  1 drivers
v0x564b0d3325a0_0 .net "cout", 0 0, L_0x564b0d347ab0;  1 drivers
v0x564b0d332660_0 .net "s", 0 0, L_0x564b0d3477a0;  1 drivers
S_0x564b0d332850 .scope generate, "genblk1[28]" "genblk1[28]" 2 24, 2 24 0, S_0x564b0d2e43c0;
 .timescale -9 -12;
P_0x564b0d3329f0 .param/l "i" 0 2 24, +C4<011100>;
S_0x564b0d332ad0 .scope module, "fa" "fulladder" 2 26, 3 2 0, S_0x564b0d332850;
 .timescale -9 -12;
    .port_info 0 /INPUT 1 "a"
    .port_info 1 /INPUT 1 "b"
    .port_info 2 /INPUT 1 "cin"
    .port_info 3 /OUTPUT 1 "cout"
    .port_info 4 /OUTPUT 1 "s"
L_0x564b0d348450 .functor XOR 1, L_0x564b0d348920, L_0x564b0d348a50, C4<0>, C4<0>;
L_0x564b0d3484c0 .functor XOR 1, L_0x564b0d348450, L_0x564b0d348e40, C4<0>, C4<0>;
L_0x564b0d348530 .functor XOR 1, L_0x564b0d348920, L_0x564b0d348a50, C4<0>, C4<0>;
L_0x564b0d348620 .functor AND 1, L_0x564b0d348530, L_0x564b0d348e40, C4<1>, C4<1>;
L_0x564b0d348760 .functor AND 1, L_0x564b0d348920, L_0x564b0d348a50, C4<1>, C4<1>;
L_0x564b0d3487d0 .functor OR 1, L_0x564b0d348620, L_0x564b0d348760, C4<0>, C4<0>;
v0x564b0d332d20_0 .net *"_s0", 0 0, L_0x564b0d348450;  1 drivers
v0x564b0d332e20_0 .net *"_s4", 0 0, L_0x564b0d348530;  1 drivers
v0x564b0d332f00_0 .net *"_s6", 0 0, L_0x564b0d348620;  1 drivers
v0x564b0d332ff0_0 .net *"_s8", 0 0, L_0x564b0d348760;  1 drivers
v0x564b0d3330d0_0 .net "a", 0 0, L_0x564b0d348920;  1 drivers
v0x564b0d3331e0_0 .net "b", 0 0, L_0x564b0d348a50;  1 drivers
v0x564b0d3332a0_0 .net "cin", 0 0, L_0x564b0d348e40;  1 drivers
v0x564b0d333360_0 .net "cout", 0 0, L_0x564b0d3487d0;  1 drivers
v0x564b0d333420_0 .net "s", 0 0, L_0x564b0d3484c0;  1 drivers
S_0x564b0d333610 .scope generate, "genblk1[29]" "genblk1[29]" 2 24, 2 24 0, S_0x564b0d2e43c0;
 .timescale -9 -12;
P_0x564b0d3337b0 .param/l "i" 0 2 24, +C4<011101>;
S_0x564b0d333890 .scope module, "fa" "fulladder" 2 26, 3 2 0, S_0x564b0d333610;
 .timescale -9 -12;
    .port_info 0 /INPUT 1 "a"
    .port_info 1 /INPUT 1 "b"
    .port_info 2 /INPUT 1 "cin"
    .port_info 3 /OUTPUT 1 "cout"
    .port_info 4 /OUTPUT 1 "s"
L_0x564b0d348ee0 .functor XOR 1, L_0x564b0d3493b0, L_0x564b0d3497b0, C4<0>, C4<0>;
L_0x564b0d348f50 .functor XOR 1, L_0x564b0d348ee0, L_0x564b0d3498e0, C4<0>, C4<0>;
L_0x564b0d348fc0 .functor XOR 1, L_0x564b0d3493b0, L_0x564b0d3497b0, C4<0>, C4<0>;
L_0x564b0d3490b0 .functor AND 1, L_0x564b0d348fc0, L_0x564b0d3498e0, C4<1>, C4<1>;
L_0x564b0d3491f0 .functor AND 1, L_0x564b0d3493b0, L_0x564b0d3497b0, C4<1>, C4<1>;
L_0x564b0d349260 .functor OR 1, L_0x564b0d3490b0, L_0x564b0d3491f0, C4<0>, C4<0>;
v0x564b0d333ae0_0 .net *"_s0", 0 0, L_0x564b0d348ee0;  1 drivers
v0x564b0d333be0_0 .net *"_s4", 0 0, L_0x564b0d348fc0;  1 drivers
v0x564b0d333cc0_0 .net *"_s6", 0 0, L_0x564b0d3490b0;  1 drivers
v0x564b0d333db0_0 .net *"_s8", 0 0, L_0x564b0d3491f0;  1 drivers
v0x564b0d333e90_0 .net "a", 0 0, L_0x564b0d3493b0;  1 drivers
v0x564b0d333fa0_0 .net "b", 0 0, L_0x564b0d3497b0;  1 drivers
v0x564b0d334060_0 .net "cin", 0 0, L_0x564b0d3498e0;  1 drivers
v0x564b0d334120_0 .net "cout", 0 0, L_0x564b0d349260;  1 drivers
v0x564b0d3341e0_0 .net "s", 0 0, L_0x564b0d348f50;  1 drivers
S_0x564b0d3343d0 .scope generate, "genblk1[30]" "genblk1[30]" 2 24, 2 24 0, S_0x564b0d2e43c0;
 .timescale -9 -12;
P_0x564b0d334570 .param/l "i" 0 2 24, +C4<011110>;
S_0x564b0d334650 .scope module, "fa" "fulladder" 2 26, 3 2 0, S_0x564b0d3343d0;
 .timescale -9 -12;
    .port_info 0 /INPUT 1 "a"
    .port_info 1 /INPUT 1 "b"
    .port_info 2 /INPUT 1 "cin"
    .port_info 3 /OUTPUT 1 "cout"
    .port_info 4 /OUTPUT 1 "s"
L_0x564b0d349c60 .functor XOR 1, L_0x564b0d34a130, L_0x564b0d34a260, C4<0>, C4<0>;
L_0x564b0d349cd0 .functor XOR 1, L_0x564b0d349c60, L_0x564b0d34a680, C4<0>, C4<0>;
L_0x564b0d349d40 .functor XOR 1, L_0x564b0d34a130, L_0x564b0d34a260, C4<0>, C4<0>;
L_0x564b0d349e30 .functor AND 1, L_0x564b0d349d40, L_0x564b0d34a680, C4<1>, C4<1>;
L_0x564b0d349f70 .functor AND 1, L_0x564b0d34a130, L_0x564b0d34a260, C4<1>, C4<1>;
L_0x564b0d349fe0 .functor OR 1, L_0x564b0d349e30, L_0x564b0d349f70, C4<0>, C4<0>;
v0x564b0d3348a0_0 .net *"_s0", 0 0, L_0x564b0d349c60;  1 drivers
v0x564b0d3349a0_0 .net *"_s4", 0 0, L_0x564b0d349d40;  1 drivers
v0x564b0d334a80_0 .net *"_s6", 0 0, L_0x564b0d349e30;  1 drivers
v0x564b0d334b70_0 .net *"_s8", 0 0, L_0x564b0d349f70;  1 drivers
v0x564b0d334c50_0 .net "a", 0 0, L_0x564b0d34a130;  1 drivers
v0x564b0d334d60_0 .net "b", 0 0, L_0x564b0d34a260;  1 drivers
v0x564b0d334e20_0 .net "cin", 0 0, L_0x564b0d34a680;  1 drivers
v0x564b0d334ee0_0 .net "cout", 0 0, L_0x564b0d349fe0;  1 drivers
v0x564b0d334fa0_0 .net "s", 0 0, L_0x564b0d349cd0;  1 drivers
S_0x564b0d335190 .scope generate, "genblk1[31]" "genblk1[31]" 2 24, 2 24 0, S_0x564b0d2e43c0;
 .timescale -9 -12;
P_0x564b0d335330 .param/l "i" 0 2 24, +C4<011111>;
S_0x564b0d335410 .scope module, "fa" "fulladder" 2 26, 3 2 0, S_0x564b0d335190;
 .timescale -9 -12;
    .port_info 0 /INPUT 1 "a"
    .port_info 1 /INPUT 1 "b"
    .port_info 2 /INPUT 1 "cin"
    .port_info 3 /OUTPUT 1 "cout"
    .port_info 4 /OUTPUT 1 "s"
L_0x564b0d34a720 .functor XOR 1, L_0x564b0d34abf0, L_0x564b0d34b430, C4<0>, C4<0>;
L_0x564b0d34a790 .functor XOR 1, L_0x564b0d34a720, L_0x564b0d34b970, C4<0>, C4<0>;
L_0x564b0d34a800 .functor XOR 1, L_0x564b0d34abf0, L_0x564b0d34b430, C4<0>, C4<0>;
L_0x564b0d34a8f0 .functor AND 1, L_0x564b0d34a800, L_0x564b0d34b970, C4<1>, C4<1>;
L_0x564b0d34aa30 .functor AND 1, L_0x564b0d34abf0, L_0x564b0d34b430, C4<1>, C4<1>;
L_0x564b0d34aaa0 .functor OR 1, L_0x564b0d34a8f0, L_0x564b0d34aa30, C4<0>, C4<0>;
v0x564b0d335660_0 .net *"_s0", 0 0, L_0x564b0d34a720;  1 drivers
v0x564b0d335760_0 .net *"_s4", 0 0, L_0x564b0d34a800;  1 drivers
v0x564b0d335840_0 .net *"_s6", 0 0, L_0x564b0d34a8f0;  1 drivers
v0x564b0d335930_0 .net *"_s8", 0 0, L_0x564b0d34aa30;  1 drivers
v0x564b0d335a10_0 .net "a", 0 0, L_0x564b0d34abf0;  1 drivers
v0x564b0d335b20_0 .net "b", 0 0, L_0x564b0d34b430;  1 drivers
v0x564b0d335be0_0 .net "cin", 0 0, L_0x564b0d34b970;  1 drivers
v0x564b0d335ca0_0 .net "cout", 0 0, L_0x564b0d34aaa0;  1 drivers
v0x564b0d335d60_0 .net "s", 0 0, L_0x564b0d34a790;  1 drivers
# The file index is used to find the file name in the following table.
:file_names 4;
    "N/A";
    "<interactive>";
    "top.v";
    "fulladder.v";
